<?xml version="1.0" encoding="UTF-8"?>
<testng-results skipped="0" failed="0" ignored="0" total="0" passed="0">
  <reporter-output>
  </reporter-output>
  <suite name="com.qa.POM.POM.AppTest" duration-ms="5" started-at="2018-09-03T11:37:25Z" finished-at="2018-09-03T11:37:25Z">
    <groups>
    </groups>
    <test name="Command line test" duration-ms="5" started-at="2018-09-03T11:37:25Z" finished-at="2018-09-03T11:37:25Z">
    </test> <!-- Command line test -->
  </suite> <!-- com.qa.POM.POM.AppTest -->
</testng-results>
